<?xml version="1.0" encoding="UTF-8"?>
<!-- Generated by org.testng.reporters.JUnitXMLReporter -->
<testsuite ignored="0" hostname="LAPTOP-9H2ESQ8I" failures="0" tests="4" name="Default test" time="16.904" errors="0" timestamp="16 May 2023 04:11:37 GMT">
  <testcase classname="testNGfeatures.DataProviderTest" name="getLogin" time="6.142"/>
  <testcase classname="testNGfeatures.DataProviderTest" name="getLogin" time="3.291"/>
  <testcase classname="testNGfeatures.DataProviderTest" name="getLogin" time="4.215"/>
  <testcase classname="testNGfeatures.DataProviderTest" name="getLogin" time="3.232"/>
</testsuite> <!-- Default test -->
