<?xml version="1.0" encoding="UTF-8"?>
<!-- Generated by org.testng.reporters.JUnitXMLReporter -->
<testsuite ignored="0" hostname="LAPTOP-9H2ESQ8I" failures="0" tests="4" name="Test" time="14.804" errors="0" timestamp="16 May 2023 04:38:56 GMT">
  <testcase classname="testNGfeatures.DataProviderTest" name="getLogin" time="4.275"/>
  <testcase classname="testNGfeatures.DataProviderTest" name="getLogin" time="3.45"/>
  <testcase classname="testNGfeatures.DataProviderTest" name="getLogin" time="3.366"/>
  <testcase classname="testNGfeatures.DataProviderTest" name="getLogin" time="3.691"/>
</testsuite> <!-- Test -->
