<?xml version="1.0" encoding="UTF-8"?>
<!-- Generated by org.testng.reporters.JUnitXMLReporter -->
<testsuite ignored="2" hostname="LAPTOP-9H2ESQ8I" failures="0" tests="2" name="Test(failed)" time="0.057" errors="0" timestamp="16 May 2023 03:22:19 GMT">
  <testcase classname="testNGfeatures.FailedTestCases" name="getTestOne" time="0.016"/>
  <testcase classname="testNGfeatures.FailedTestCases" name="getTestTwo" time="0.004"/>
  <testcase classname="testNGfeatures.FailedTestCases" name="getTestFour" time="0.0">
    <ignored/>
  </testcase> <!-- getTestFour -->
  <testcase classname="testNGfeatures.FailedTestCases" name="getTestThree" time="0.0">
    <ignored/>
  </testcase> <!-- getTestThree -->
</testsuite> <!-- Test(failed) -->
